d:\rmit\courses\c++\assignment2_group24\x64\debug\vc142.pdb
d:\rmit\courses\c++\assignment2_group24\x64\debug\vc142.idb
d:\rmit\courses\c++\assignment2_group24\x64\debug\itemmanager.obj
d:\rmit\courses\c++\assignment2_group24\x64\debug\dvd.obj
d:\rmit\courses\c++\assignment2_group24\x64\debug\vipaccount.obj
d:\rmit\courses\c++\assignment2_group24\x64\debug\regularaccount.obj
d:\rmit\courses\c++\assignment2_group24\x64\debug\guestaccount.obj
d:\rmit\courses\c++\assignment2_group24\x64\debug\account.obj
d:\rmit\courses\c++\assignment2_group24\x64\debug\assignment2_group24.obj
d:\rmit\courses\c++\assignment2_group24\x64\debug\accountmanager.obj
d:\rmit\courses\c++\assignment2_group24\x64\debug\record.obj
d:\rmit\courses\c++\assignment2_group24\x64\debug\item.obj
d:\rmit\courses\c++\assignment2_group24\x64\debug\game.obj
c:\users\admin\documents\github\assignment2_group24\x64\debug\vc142.pdb
c:\users\admin\documents\github\assignment2_group24\x64\debug\vc142.idb
c:\users\admin\documents\github\assignment2_group24\x64\debug\record.obj
c:\users\admin\documents\github\assignment2_group24\x64\debug\item.obj
c:\users\admin\documents\github\assignment2_group24\x64\debug\game.obj
c:\users\admin\documents\github\assignment2_group24\x64\debug\dvd.obj
c:\users\admin\documents\github\assignment2_group24\x64\debug\assignment2_group24.obj
c:\users\admin\documents\github\assignment2_group24\x64\debug\vipaccount.obj
c:\users\admin\documents\github\assignment2_group24\x64\debug\regularaccount.obj
c:\users\admin\documents\github\assignment2_group24\x64\debug\guestaccount.obj
c:\users\admin\documents\github\assignment2_group24\x64\debug\account.obj
c:\users\admin\documents\github\assignment2_group24\x64\debug\accountmanager.obj
d:\rmit\courses\c++\assignment2_group24\x64\debug\assignment2_group24.exe
d:\rmit\courses\c++\assignment2_group24\x64\debug\assignment2_group24.ilk
d:\rmit\courses\c++\assignment2_group24\x64\debug\assignment2_group24.pdb
c:\users\admin\documents\github\assignment2_group24\x64\debug\itemmanager.obj
c:\users\admin\documents\github\assignment2_group24\x64\debug\assignment2_group24.ilk
c:\users\admin\documents\github\assignment2_group24\x64\debug\assignment2_group24.pdb
c:\users\admin\documents\github\assignment2_group24\x64\debug\assignment2_group24.exe
c:\users\admin\documents\github\assignment2_group24\x64\debug\assignme.a585435a.tlog\cl.command.1.tlog
c:\users\admin\documents\github\assignment2_group24\x64\debug\assignme.a585435a.tlog\cl.read.1.tlog
c:\users\admin\documents\github\assignment2_group24\x64\debug\assignme.a585435a.tlog\cl.write.1.tlog
c:\users\admin\documents\github\assignment2_group24\x64\debug\assignme.a585435a.tlog\link.command.1.tlog
c:\users\admin\documents\github\assignment2_group24\x64\debug\assignme.a585435a.tlog\link.read.1.tlog
c:\users\admin\documents\github\assignment2_group24\x64\debug\assignme.a585435a.tlog\link.write.1.tlog
